{"/Users/ken/Documents/scissor/lib/index.js": {"path":"/Users/ken/Documents/scissor/lib/index.js","statementMap":{"0":{"start":{"line":158,"column":0},"end":{"line":190,"column":4}},"1":{"start":{"line":159,"column":18},"end":{"line":184,"column":5}},"2":{"start":{"line":161,"column":12},"end":{"line":161,"column":23}},"3":{"start":{"line":164,"column":12},"end":{"line":164,"column":49}},"4":{"start":{"line":165,"column":23},"end":{"line":165,"column":25}},"5":{"start":{"line":166,"column":24},"end":{"line":166,"column":25}},"6":{"start":{"line":168,"column":23},"end":{"line":168,"column":71}},"7":{"start":{"line":169,"column":12},"end":{"line":178,"column":13}},"8":{"start":{"line":170,"column":16},"end":{"line":170,"column":75}},"9":{"start":{"line":171,"column":16},"end":{"line":173,"column":17}},"10":{"start":{"line":172,"column":20},"end":{"line":172,"column":59}},"11":{"start":{"line":174,"column":16},"end":{"line":176,"column":17}},"12":{"start":{"line":175,"column":20},"end":{"line":175,"column":39}},"13":{"start":{"line":177,"column":16},"end":{"line":177,"column":53}},"14":{"start":{"line":179,"column":12},"end":{"line":179,"column":77}},"15":{"start":{"line":180,"column":21},"end":{"line":180,"column":101}},"16":{"start":{"line":182,"column":12},"end":{"line":182,"column":33}},"17":{"start":{"line":185,"column":4},"end":{"line":189,"column":5}},"18":{"start":{"line":186,"column":8},"end":{"line":186,"column":32}},"19":{"start":{"line":188,"column":8},"end":{"line":188,"column":32}}},"fnMap":{"0":{"name":"(anonymous_0)","decl":{"start":{"line":158,"column":1},"end":{"line":158,"column":2}},"loc":{"start":{"line":158,"column":11},"end":{"line":190,"column":1}},"line":158},"1":{"name":"(anonymous_1)","decl":{"start":{"line":160,"column":17},"end":{"line":160,"column":18}},"loc":{"start":{"line":160,"column":24},"end":{"line":162,"column":9}},"line":160},"2":{"name":"(anonymous_2)","decl":{"start":{"line":163,"column":17},"end":{"line":163,"column":18}},"loc":{"start":{"line":163,"column":30},"end":{"line":183,"column":9}},"line":163}},"branchMap":{"0":{"loc":{"start":{"line":171,"column":16},"end":{"line":173,"column":17}},"type":"if","locations":[{"start":{"line":171,"column":16},"end":{"line":173,"column":17}},{"start":{},"end":{}}],"line":171},"1":{"loc":{"start":{"line":174,"column":16},"end":{"line":176,"column":17}},"type":"if","locations":[{"start":{"line":174,"column":16},"end":{"line":176,"column":17}},{"start":{},"end":{}}],"line":174},"2":{"loc":{"start":{"line":185,"column":4},"end":{"line":189,"column":5}},"type":"if","locations":[{"start":{"line":185,"column":4},"end":{"line":189,"column":5}},{"start":{"line":187,"column":9},"end":{"line":189,"column":5}}],"line":185}},"s":{"0":1,"1":1,"2":1,"3":1,"4":1,"5":1,"6":1,"7":1,"8":7,"9":7,"10":5,"11":7,"12":2,"13":7,"14":1,"15":1,"16":1,"17":1,"18":0,"19":1},"f":{"0":1,"1":1,"2":1},"b":{"0":[5,2],"1":[2,5],"2":[0,1]},"_coverageSchema":"1a1c01bbd47fc00a2c39e90264f33305004495a9","hash":"3557a4ac303d584b7972c5b6ec608af165f3da97"}
}
